<?xml version="1.0" encoding="UTF-8"?>
<!-- Generated by org.testng.reporters.JUnitReportReporter -->
<testsuite skipped="0" hostname="Geetesh-PC" name="com.script.ProductTest" tests="1" failures="0" timestamp="2020-10-06T15:50:14 IST" time="27.247" errors="0">
  <testcase name="product" time="27.247" classname="com.script.ProductTest"/>
  <system-out>
 Displayes Successfully  </system-out>
</testsuite> <!-- com.script.ProductTest -->
