<?xml version="1.0" encoding="UTF-8"?>
<!-- Generated by org.testng.reporters.JUnitReportReporter -->
<testsuite skipped="0" hostname="Geetesh-PC" name="com.script.Login_LogoutTest" tests="1" failures="0" timestamp="2020-10-06T18:45:43 IST" time="14.362" errors="0">
  <testcase name="login" time="14.362" classname="com.script.Login_LogoutTest"/>
  <system-out>
Logout Susscessfull  </system-out>
</testsuite> <!-- com.script.Login_LogoutTest -->
