<?xml version="1.0" encoding="UTF-8"?>
<!-- Generated by org.testng.reporters.JUnitReportReporter -->
<testsuite skipped="0" hostname="Geetesh-PC" name="com.script.CalenderTest" tests="1" failures="0" timestamp="2020-10-05T21:35:17 IST" time="26.500" errors="0">
  <testcase name="perform_calender" time="26.500" classname="com.script.CalenderTest"/>
  <system-out>
successfull  </system-out>
</testsuite> <!-- com.script.CalenderTest -->
